
> snow-sse-client-web@0.0.1 start
> node dist/server/index.js

node:events:486
      throw er; // Unhandled 'error' event
      ^

Error: listen EADDRINUSE: address already in use :::3360
[90m    at Server.setupListenHandle [as _listen2] (node:net:1940:16)[39m
[90m    at listenInCluster (node:net:1997:12)[39m
[90m    at Server.listen (node:net:2102:7)[39m
    at startServer [90m(file:///F:/Projects/snow-cli/sse-client/[39mdist/server/index.js:90:12[90m)[39m
    at [90mfile:///F:/Projects/snow-cli/sse-client/[39mdist/server/index.js:94:1
[90m    at ModuleJob.run (node:internal/modules/esm/module_job:430:25)[39m
[90m    at async onImport.tracePromise.__proto__ (node:internal/modules/esm/loader:661:26)[39m
[90m    at async asyncRunEntryPointWithESMLoader (node:internal/modules/run_main:101:5)[39m
Emitted 'error' event on Server instance at:
[90m    at emitErrorNT (node:net:1976:8)[39m
[90m    at process.processTicksAndRejections (node:internal/process/task_queues:89:21)[39m {
  code: [32m'EADDRINUSE'[39m,
  errno: [33m-4091[39m,
  syscall: [32m'listen'[39m,
  address: [32m'::'[39m,
  port: [33m3360[39m
}

Node.js v24.13.1
